time=2024-11-10T02:16:22.887+05:00 level=ERROR msg=HandleConnections !BADKEY="Ошибка: userID не найден в контексте"
time=2024-11-10T02:16:27.295+05:00 level=DEBUG msg=Get "finished fetching dialogs"=user_id: !BADKEY=5833634c-b2a0-4ef1-80e7-767defd361a7
time=2024-11-10T02:16:27.593+05:00 level=DEBUG msg=Get "finished fetching dialogs"=user_id: !BADKEY=5833634c-b2a0-4ef1-80e7-767defd361a7
time=2024-11-10T02:16:27.998+05:00 level=DEBUG msg=Get "finished fetching dialogs"=user_id: !BADKEY=5833634c-b2a0-4ef1-80e7-767defd361a7
time=2024-11-10T02:16:28.194+05:00 level=DEBUG msg=Get "finished fetching dialogs"=user_id: !BADKEY=5833634c-b2a0-4ef1-80e7-767defd361a7
time=2024-11-10T02:16:30.954+05:00 level=DEBUG msg=Get "finished fetching dialogs"=user_id: !BADKEY=5833634c-b2a0-4ef1-80e7-767defd361a7
time=2024-11-10T02:16:30.996+05:00 level=DEBUG msg=Get "finished fetching dialogs"=user_id: !BADKEY=5833634c-b2a0-4ef1-80e7-767defd361a7
time=2024-11-10T02:16:31.412+05:00 level=DEBUG msg=Get "finished fetching dialogs"=user_id: !BADKEY=5833634c-b2a0-4ef1-80e7-767defd361a7
time=2024-11-10T02:16:31.573+05:00 level=DEBUG msg=Get "finished fetching dialogs"=user_id: !BADKEY=5833634c-b2a0-4ef1-80e7-767defd361a7
time=2024-11-10T02:16:31.628+05:00 level=DEBUG msg=Get "finished fetching dialogs"=user_id: !BADKEY=5833634c-b2a0-4ef1-80e7-767defd361a7
time=2024-11-10T02:16:31.890+05:00 level=DEBUG msg=Get "finished fetching dialogs"=user_id: !BADKEY=5833634c-b2a0-4ef1-80e7-767defd361a7
time=2024-11-10T02:16:32.247+05:00 level=DEBUG msg=Get "finished fetching dialogs"=user_id: !BADKEY=5833634c-b2a0-4ef1-80e7-767defd361a7
time=2024-11-10T02:16:50.593+05:00 level=DEBUG msg=Get "finished fetching dialogs"=user_id: !BADKEY=5833634c-b2a0-4ef1-80e7-767defd361a7
time=2024-11-10T02:16:51.066+05:00 level=DEBUG msg=Get "finished fetching dialogs"=user_id: !BADKEY=5833634c-b2a0-4ef1-80e7-767defd361a7
time=2024-11-10T02:16:51.462+05:00 level=DEBUG msg=Get "finished fetching dialogs"=user_id: !BADKEY=5833634c-b2a0-4ef1-80e7-767defd361a7
time=2024-11-10T02:17:08.617+05:00 level=DEBUG msg=Get "finished fetching dialogs"=user_id: !BADKEY=5833634c-b2a0-4ef1-80e7-767defd361a7
time=2024-11-10T02:36:31.982+05:00 level=ERROR msg=HandleConnections !BADKEY="Ошибка: userID не найден в контексте"
time=2024-11-10T02:39:36.474+05:00 level=ERROR msg=HandleConnections !BADKEY="Ошибка: userID не найден в контексте"
time=2024-11-10T02:39:39.826+05:00 level=DEBUG msg=Get "finished fetching dialogs"=user_id: !BADKEY=5833634c-b2a0-4ef1-80e7-767defd361a7
time=2024-11-10T02:50:25.622+05:00 level=ERROR msg=HandleConnections !BADKEY="Ошибка: userID не найден в контексте"
time=2024-11-10T02:50:27.688+05:00 level=DEBUG msg=Get "finished fetching dialogs"=user_id: !BADKEY=5833634c-b2a0-4ef1-80e7-767defd361a7
time=2024-11-10T02:50:58.483+05:00 level=ERROR msg=HandleConnections !BADKEY="Ошибка: userID не найден в контексте"
time=2024-11-10T02:50:58.524+05:00 level=DEBUG msg=Get "finished fetching dialogs"=user_id: !BADKEY=5833634c-b2a0-4ef1-80e7-767defd361a7
time=2024-11-10T02:54:51.413+05:00 level=ERROR msg=HandleConnections !BADKEY="Ошибка: userID не найден в контексте"
time=2024-11-10T02:54:53.867+05:00 level=DEBUG msg=Get "finished fetching dialogs"=user_id: !BADKEY=5833634c-b2a0-4ef1-80e7-767defd361a7
time=2024-11-10T02:55:02.388+05:00 level=ERROR msg=HandleConnections !BADKEY="Ошибка: userID не найден в контексте"
time=2024-11-10T02:55:02.515+05:00 level=DEBUG msg=Get "finished fetching dialogs"=user_id: !BADKEY=5833634c-b2a0-4ef1-80e7-767defd361a7
time=2024-11-10T02:56:48.815+05:00 level=ERROR msg=HandleConnections !BADKEY="Ошибка: userID не найден в контексте"
time=2024-11-10T02:56:48.850+05:00 level=DEBUG msg=Get "finished fetching dialogs"=user_id: !BADKEY=5833634c-b2a0-4ef1-80e7-767defd361a7
time=2024-11-10T02:59:41.869+05:00 level=ERROR msg=HandleConnections !BADKEY="Ошибка: userID не найден в контексте"
time=2024-11-10T02:59:44.296+05:00 level=DEBUG msg=Get "finished fetching dialogs"=user_id: !BADKEY=5833634c-b2a0-4ef1-80e7-767defd361a7
time=2024-11-10T03:01:50.133+05:00 level=DEBUG msg=Get "finished fetching dialogs"=user_id: !BADKEY=5833634c-b2a0-4ef1-80e7-767defd361a7
time=2024-11-10T03:01:56.199+05:00 level=ERROR msg=HandleConnections !BADKEY="Ошибка: userID не найден в контексте"
time=2024-11-10T03:01:56.222+05:00 level=DEBUG msg=Get "finished fetching dialogs"=user_id: !BADKEY=5833634c-b2a0-4ef1-80e7-767defd361a7
time=2024-11-10T03:02:17.386+05:00 level=ERROR msg=HandleConnections !BADKEY="Ошибка: userID не найден в контексте"
time=2024-11-10T03:02:17.802+05:00 level=DEBUG msg=Get "finished fetching dialogs"=user_id: !BADKEY=5833634c-b2a0-4ef1-80e7-767defd361a7
time=2024-11-10T03:03:24.896+05:00 level=ERROR msg=HandleConnections !BADKEY="Ошибка: userID не найден в контексте"
time=2024-11-10T03:03:27.314+05:00 level=DEBUG msg=Get "finished fetching dialogs"=user_id: !BADKEY=5833634c-b2a0-4ef1-80e7-767defd361a7
time=2024-11-10T03:05:15.633+05:00 level=DEBUG msg=Get "finished fetching dialogs"=user_id: !BADKEY=5833634c-b2a0-4ef1-80e7-767defd361a7
time=2024-11-10T03:05:36.122+05:00 level=DEBUG msg=Get "finished fetching dialogs"=user_id: !BADKEY=5833634c-b2a0-4ef1-80e7-767defd361a7
time=2024-11-10T03:05:45.206+05:00 level=DEBUG msg=Get "finished fetching dialogs"=user_id: !BADKEY=5833634c-b2a0-4ef1-80e7-767defd361a7
time=2024-11-10T03:07:37.222+05:00 level=DEBUG msg=Get "finished fetching dialogs"=user_id: !BADKEY=5833634c-b2a0-4ef1-80e7-767defd361a7
time=2024-11-10T03:07:41.312+05:00 level=ERROR msg=HandleConnections !BADKEY="Ошибка: userID не найден в контексте"
time=2024-11-10T03:07:41.334+05:00 level=DEBUG msg=Get "finished fetching dialogs"=user_id: !BADKEY=5833634c-b2a0-4ef1-80e7-767defd361a7
time=2024-11-10T03:07:46.101+05:00 level=ERROR msg=HandleConnections !BADKEY="Ошибка: userID не найден в контексте"
time=2024-11-10T03:07:46.118+05:00 level=DEBUG msg=Get "finished fetching dialogs"=user_id: !BADKEY=5833634c-b2a0-4ef1-80e7-767defd361a7
time=2024-11-10T03:07:47.028+05:00 level=ERROR msg=HandleConnections !BADKEY="Ошибка: userID не найден в контексте"
time=2024-11-10T03:07:47.043+05:00 level=DEBUG msg=Get "finished fetching dialogs"=user_id: !BADKEY=5833634c-b2a0-4ef1-80e7-767defd361a7
time=2024-11-10T03:07:57.649+05:00 level=ERROR msg=HandleConnections !BADKEY="Ошибка: userID не найден в контексте"
time=2024-11-10T03:07:59.770+05:00 level=DEBUG msg=Get "finished fetching dialogs"=user_id: !BADKEY=5833634c-b2a0-4ef1-80e7-767defd361a7
time=2024-11-10T03:10:41.378+05:00 level=ERROR msg=HandleConnections !BADKEY="Ошибка: userID не найден в контексте"
time=2024-11-10T03:10:43.214+05:00 level=DEBUG msg=Get "finished fetching dialogs"=user_id: !BADKEY=5833634c-b2a0-4ef1-80e7-767defd361a7
time=2024-11-10T03:10:55.699+05:00 level=ERROR msg=HandleConnections !BADKEY="Ошибка: userID не найден в контексте"
time=2024-11-10T03:10:55.733+05:00 level=DEBUG msg=Get "finished fetching dialogs"=user_id: !BADKEY=5833634c-b2a0-4ef1-80e7-767defd361a7
time=2024-11-10T03:12:58.423+05:00 level=DEBUG msg=Get "finished fetching dialogs"=user_id: !BADKEY=5833634c-b2a0-4ef1-80e7-767defd361a7
time=2024-11-10T03:14:39.166+05:00 level=DEBUG msg=Get "finished fetching dialogs"=user_id: !BADKEY=5833634c-b2a0-4ef1-80e7-767defd361a7
time=2024-11-10T03:14:42.350+05:00 level=ERROR msg=HandleConnections !BADKEY="Ошибка: userID не найден в контексте"
time=2024-11-10T03:14:42.365+05:00 level=DEBUG msg=Get "finished fetching dialogs"=user_id: !BADKEY=5833634c-b2a0-4ef1-80e7-767defd361a7
time=2024-11-10T03:15:51.150+05:00 level=ERROR msg=HandleConnections !BADKEY="Ошибка: userID не найден в контексте"
time=2024-11-10T03:15:51.165+05:00 level=DEBUG msg=Get "finished fetching dialogs"=user_id: !BADKEY=5833634c-b2a0-4ef1-80e7-767defd361a7
time=2024-11-10T03:16:34.366+05:00 level=DEBUG msg=Get "finished fetching dialogs"=user_id: !BADKEY=5833634c-b2a0-4ef1-80e7-767defd361a7
time=2024-11-10T03:16:47.661+05:00 level=ERROR msg=HandleConnections !BADKEY="Ошибка: userID не найден в контексте"
time=2024-11-10T03:16:49.087+05:00 level=DEBUG msg=Get "finished fetching dialogs"=user_id: !BADKEY=5833634c-b2a0-4ef1-80e7-767defd361a7
time=2024-11-10T03:17:03.157+05:00 level=ERROR msg=HandleConnections !BADKEY="Ошибка: userID не найден в контексте"
time=2024-11-10T03:17:03.230+05:00 level=DEBUG msg=Get "finished fetching dialogs"=user_id: !BADKEY=5833634c-b2a0-4ef1-80e7-767defd361a7
time=2024-11-10T03:18:56.320+05:00 level=ERROR msg=HandleConnections !BADKEY="Ошибка: userID не найден в контексте"
time=2024-11-10T03:46:43.058+05:00 level=ERROR msg=HandleConnections !BADKEY="Ошибка: userID не найден в контексте"
time=2024-11-10T03:46:56.193+05:00 level=DEBUG msg=Get "finished fetching dialogs"=user_id: !BADKEY=5833634c-b2a0-4ef1-80e7-767defd361a7
time=2024-11-10T03:48:39.312+05:00 level=ERROR msg=HandleConnections !BADKEY="Ошибка: userID не найден в контексте"
time=2024-11-10T03:48:54.348+05:00 level=DEBUG msg=Get "finished fetching dialogs"=user_id: !BADKEY=5833634c-b2a0-4ef1-80e7-767defd361a7
time=2024-11-10T03:49:05.138+05:00 level=ERROR msg=HandleConnections !BADKEY="Ошибка: userID не найден в контексте"
time=2024-11-10T03:49:05.193+05:00 level=DEBUG msg=Get "finished fetching dialogs"=user_id: !BADKEY=5833634c-b2a0-4ef1-80e7-767defd361a7
    time=2024-11-10T03:52:06.230+05:00 level=ERROR msg=HandleConnections !BADKEY="Ошибка: userID не найден в контексте"
time=2024-11-10T03:52:10.498+05:00 level=ERROR msg=Get !BADKEY="userID не найден в контексте"
time=2024-11-10T03:52:32.457+05:00 level=ERROR msg=HandleConnections !BADKEY="Ошибка: userID не найден в контексте"
time=2024-11-10T03:52:32.501+05:00 level=ERROR msg=Get !BADKEY="userID не найден в контексте"
time=2024-11-10T03:54:41.234+05:00 level=WARN msg="Токен не найден" error="http: named cookie not present"
time=2024-11-10T03:56:10.819+05:00 level=ERROR msg=HandleConnections !BADKEY="Ошибка: userID не найден в контексте"
time=2024-11-10T03:56:12.837+05:00 level=ERROR msg=Get !BADKEY="userID не найден в контексте"
time=2024-11-10T03:56:23.019+05:00 level=ERROR msg=HandleConnections !BADKEY="Ошибка: userID не найден в контексте"
time=2024-11-10T03:56:23.079+05:00 level=ERROR msg=Get !BADKEY="userID не найден в контексте"
time=2024-11-10T04:36:31.359+05:00 level=ERROR msg=HandleConnections !BADKEY="Ошибка: userID не найден в контексте"
time=2024-11-10T04:36:42.397+05:00 level=ERROR msg=Get !BADKEY="userID не найден в контексте"
time=2024-11-10T04:38:38.546+05:00 level=ERROR msg=HandleConnections !BADKEY="Ошибка: userID не найден в контексте"
time=2024-11-10T04:39:45.750+05:00 level=ERROR msg=Get !BADKEY="userID не найден в контексте"
time=2024-11-10T04:42:48.952+05:00 level=ERROR msg=HandleConnections !BADKEY="Ошибка: userID не найден в контексте"
time=2024-11-10T04:42:49.021+05:00 level=ERROR msg=Get !BADKEY="userID не найден в контексте"
time=2024-11-10T04:44:37.727+05:00 level=ERROR msg=HandleConnections !BADKEY="Ошибка: userID не найден в контексте"
time=2024-11-10T04:45:15.509+05:00 level=INFO msg=login !BADKEY="начало обработки Авторизации"
time=2024-11-10T04:45:15.515+05:00 level=DEBUG msg=Login "Перед вызовом LoginUser"=username !BADKEY=Anuar
time=2024-11-10T04:45:15.516+05:00 level=DEBUG msg=LoginUser !BADKEY="starting login user"
time=2024-11-10T04:45:15.523+05:00 level=WARN msg=LoginUser "неверный пароль для пользователя"=username !BADKEY=Anuar
time=2024-11-10T04:45:15.523+05:00 level=ERROR msg=Login "ошибка при аутентификации пользователя"=username Anuar=error !BADKEY="неверный пароль"
time=2024-11-10T04:45:45.516+05:00 level=INFO msg=login !BADKEY="начало обработки Авторизации"
time=2024-11-10T04:45:45.516+05:00 level=DEBUG msg=Login "Перед вызовом LoginUser"=username !BADKEY=Anuar
time=2024-11-10T04:45:45.516+05:00 level=DEBUG msg=LoginUser !BADKEY="starting login user"
time=2024-11-10T04:45:45.517+05:00 level=WARN msg=LoginUser "неверный пароль для пользователя"=username !BADKEY=Anuar
time=2024-11-10T04:45:45.517+05:00 level=ERROR msg=Login "ошибка при аутентификации пользователя"=username Anuar=error !BADKEY="неверный пароль"
time=2024-11-10T04:46:26.451+05:00 level=DEBUG msg=Register !BADKEY="начала обработки регистрации пользователя"
time=2024-11-10T04:46:26.573+05:00 level=DEBUG msg=RegistrationUser "registration user finished"=username !BADKEY=fyefh
time=2024-11-10T04:46:26.574+05:00 level=DEBUG msg=Register "User successfully registered"=username !BADKEY=fyefh
time=2024-11-10T04:46:36.838+05:00 level=INFO msg=login !BADKEY="начало обработки Авторизации"
time=2024-11-10T04:46:36.838+05:00 level=DEBUG msg=Login "Перед вызовом LoginUser"=username !BADKEY=fyefh
time=2024-11-10T04:46:36.838+05:00 level=DEBUG msg=LoginUser !BADKEY="starting login user"
time=2024-11-10T04:46:36.919+05:00 level=INFO msg="пользователь успешно аутентифицирован" username=fyefh
time=2024-11-10T04:46:36.924+05:00 level=INFO msg=Login "Пользователь успешно аутентифицирован"=username !BADKEY=fyefh
time=2024-11-10T04:46:41.351+05:00 level=ERROR msg=Get !BADKEY="userID не найден в контексте"
time=2024-11-10T04:46:42.853+05:00 level=ERROR msg=HandleConnections !BADKEY="Ошибка: userID не найден в контексте"
time=2024-11-10T04:46:42.870+05:00 level=ERROR msg=Get !BADKEY="userID не найден в контексте"
time=2024-11-10T04:46:48.798+05:00 level=ERROR msg=HandleConnections !BADKEY="Ошибка: userID не найден в контексте"
time=2024-11-10T04:46:48.912+05:00 level=ERROR msg=Get !BADKEY="userID не найден в контексте"
time=2024-11-10T04:48:13.418+05:00 level=ERROR msg=HandleConnections !BADKEY="Ошибка: userID не найден в контексте"
time=2024-11-10T04:48:24.463+05:00 level=INFO msg=login !BADKEY="начало обработки Авторизации"
time=2024-11-10T04:48:24.463+05:00 level=DEBUG msg=Login "Перед вызовом LoginUser"=username !BADKEY=fyefh
time=2024-11-10T04:48:24.463+05:00 level=DEBUG msg=LoginUser !BADKEY="starting login user"
time=2024-11-10T04:48:24.553+05:00 level=INFO msg="пользователь успешно аутентифицирован" username=fyefh
time=2024-11-10T04:48:24.554+05:00 level=INFO msg=Login "Пользователь успешно аутентифицирован"=username !BADKEY=fyefh
time=2024-11-10T04:48:28.491+05:00 level=ERROR msg=Get !BADKEY="userID не найден в контексте"
time=2024-11-10T04:48:30.270+05:00 level=ERROR msg=HandleConnections !BADKEY="Ошибка: userID не найден в контексте"
time=2024-11-10T04:48:30.285+05:00 level=ERROR msg=Get !BADKEY="userID не найден в контексте"
time=2024-11-10T04:48:43.576+05:00 level=ERROR msg=HandleConnections !BADKEY="Ошибка: userID не найден в контексте"
time=2024-11-10T04:48:43.659+05:00 level=ERROR msg=Get !BADKEY="userID не найден в контексте"
time=2024-11-10T04:51:14.262+05:00 level=ERROR msg=HandleConnections !BADKEY="Ошибка: userID не найден в контексте"
time=2024-11-10T04:51:27.355+05:00 level=INFO msg=login !BADKEY="начало обработки Авторизации"
time=2024-11-10T04:51:27.356+05:00 level=DEBUG msg=Login "Перед вызовом LoginUser"=username !BADKEY=fyefh
time=2024-11-10T04:51:27.356+05:00 level=DEBUG msg=LoginUser !BADKEY="starting login user"
time=2024-11-10T04:51:27.462+05:00 level=INFO msg="пользователь успешно аутентифицирован" username=fyefh
time=2024-11-10T04:51:27.462+05:00 level=INFO msg=Login "Пользователь успешно аутентифицирован"=username !BADKEY=fyefh
time=2024-11-10T04:51:36.834+05:00 level=DEBUG msg=Get "finished fetching dialogs"=user_id: !BADKEY=4a10cb71-b410-4449-9632-d3455171f3d9
time=2024-11-10T04:51:55.849+05:00 level=ERROR msg=HandleConnections !BADKEY="Ошибка: userID не найден в контексте"
time=2024-11-10T04:51:55.898+05:00 level=DEBUG msg=Get "finished fetching dialogs"=user_id: !BADKEY=4a10cb71-b410-4449-9632-d3455171f3d9
time=2024-11-10T04:53:21.303+05:00 level=ERROR msg=HandleConnections !BADKEY="Ошибка: userID не найден в контексте"
time=2024-11-10T04:53:29.874+05:00 level=DEBUG msg=Get "finished fetching dialogs"=user_id: !BADKEY=4a10cb71-b410-4449-9632-d3455171f3d9
time=2024-11-10T04:55:46.702+05:00 level=ERROR msg=HandleConnections !BADKEY="Ошибка: userID не найден в контексте"
time=2024-11-10T04:55:46.941+05:00 level=DEBUG msg=Get "finished fetching dialogs"=user_id: !BADKEY=4a10cb71-b410-4449-9632-d3455171f3d9
time=2024-11-10T04:55:48.309+05:00 level=DEBUG msg=Get "finished fetching dialogs"=user_id: !BADKEY=4a10cb71-b410-4449-9632-d3455171f3d9
time=2024-11-10T04:55:58.336+05:00 level=ERROR msg=HandleConnections !BADKEY="Ошибка: userID не найден в контексте"
time=2024-11-10T04:55:58.403+05:00 level=DEBUG msg=Get "finished fetching dialogs"=user_id: !BADKEY=4a10cb71-b410-4449-9632-d3455171f3d9
time=2024-11-10T04:56:29.088+05:00 level=DEBUG msg=Get "finished fetching dialogs"=user_id: !BADKEY=4a10cb71-b410-4449-9632-d3455171f3d9
time=2024-11-10T04:56:29.349+05:00 level=DEBUG msg=Get "finished fetching dialogs"=user_id: !BADKEY=4a10cb71-b410-4449-9632-d3455171f3d9
time=2024-11-10T04:58:14.417+05:00 level=DEBUG msg=Get "finished fetching dialogs"=user_id: !BADKEY=4a10cb71-b410-4449-9632-d3455171f3d9
time=2024-11-10T04:58:14.524+05:00 level=DEBUG msg=Get "finished fetching dialogs"=user_id: !BADKEY=4a10cb71-b410-4449-9632-d3455171f3d9
time=2024-11-10T04:58:36.794+05:00 level=DEBUG msg=Get "finished fetching dialogs"=user_id: !BADKEY=4a10cb71-b410-4449-9632-d3455171f3d9
time=2024-11-10T04:58:37.959+05:00 level=DEBUG msg=Get "finished fetching dialogs"=user_id: !BADKEY=4a10cb71-b410-4449-9632-d3455171f3d9
time=2024-11-10T04:58:38.048+05:00 level=DEBUG msg=Get "finished fetching dialogs"=user_id: !BADKEY=4a10cb71-b410-4449-9632-d3455171f3d9
time=2024-11-10T04:59:51.536+05:00 level=DEBUG msg=Get "finished fetching dialogs"=user_id: !BADKEY=4a10cb71-b410-4449-9632-d3455171f3d9
time=2024-11-10T04:59:51.903+05:00 level=DEBUG msg=Get "finished fetching dialogs"=user_id: !BADKEY=4a10cb71-b410-4449-9632-d3455171f3d9
time=2024-11-10T04:59:52.235+05:00 level=ERROR msg=HandleConnections !BADKEY="Ошибка: userID не найден в контексте"
time=2024-11-10T04:59:54.555+05:00 level=DEBUG msg=Get "finished fetching dialogs"=user_id: !BADKEY=4a10cb71-b410-4449-9632-d3455171f3d9
time=2024-11-10T05:00:40.500+05:00 level=ERROR msg=HandleConnections !BADKEY="Ошибка: userID не найден в контексте"
time=2024-11-10T05:02:14.720+05:00 level=ERROR msg=HandleConnections !BADKEY="Ошибка: userID не найден в контексте"
time=2024-11-10T05:03:22.172+05:00 level=ERROR msg=HandleConnections !BADKEY="Ошибка: userID не найден в контексте"
time=2024-11-10T05:05:29.692+05:00 level=DEBUG msg=Get "finished fetching dialogs"=user_id: !BADKEY=4a10cb71-b410-4449-9632-d3455171f3d9
time=2024-11-10T05:05:41.904+05:00 level=ERROR msg=HandleConnections !BADKEY="Ошибка: userID не найден в контексте"
time=2024-11-10T05:05:44.695+05:00 level=DEBUG msg=Get "finished fetching dialogs"=user_id: !BADKEY=4a10cb71-b410-4449-9632-d3455171f3d9
time=2024-11-10T05:05:57.646+05:00 level=ERROR msg=HandleConnections !BADKEY="Ошибка: userID не найден в контексте"
time=2024-11-10T05:05:57.676+05:00 level=DEBUG msg=Get "finished fetching dialogs"=user_id: !BADKEY=4a10cb71-b410-4449-9632-d3455171f3d9
time=2024-11-10T05:06:22.472+05:00 level=ERROR msg=HandleConnections !BADKEY="Ошибка: userID не найден в контексте"
time=2024-11-10T05:06:22.487+05:00 level=DEBUG msg=Get "finished fetching dialogs"=user_id: !BADKEY=4a10cb71-b410-4449-9632-d3455171f3d9
time=2024-11-10T05:08:33.505+05:00 level=WARN msg="Токен не найден" error="http: named cookie not present"
time=2024-11-10T05:13:40.114+05:00 level=DEBUG msg=Register !BADKEY="начала обработки регистрации пользователя"
time=2024-11-10T05:13:40.114+05:00 level=ERROR msg=Register "ошибка при декодировании JSON"=err !BADKEY="parsing time \"1990-01-01\" as \"2006-01-02T15:04:05Z07:00\": cannot parse \"\" as \"T\""
time=2024-11-10T05:13:59.799+05:00 level=DEBUG msg=Register !BADKEY="начала обработки регистрации пользователя"
time=2024-11-10T05:13:59.800+05:00 level=ERROR msg=Register "ошибка при декодировании JSON"=err !BADKEY="parsing time \"1990-01-01\" as \"2006-01-02T15:04:05Z07:00\": cannot parse \"\" as \"T\""
time=2024-11-10T05:14:41.477+05:00 level=DEBUG msg=Register !BADKEY="начала обработки регистрации пользователя"
time=2024-11-10T05:14:41.477+05:00 level=ERROR msg=Register "ошибка при декодировании JSON"=err !BADKEY="parsing time \"1990-01-01\" as \"2006-01-02T15:04:05Z07:00\": cannot parse \"\" as \"T\""
time=2024-11-10T05:14:55.079+05:00 level=DEBUG msg=Register !BADKEY="начала обработки регистрации пользователя"
time=2024-11-10T05:14:55.080+05:00 level=ERROR msg=Register "ошибка при декодировании JSON"=err !BADKEY="parsing time \"1990-01-01\" as \"2006-01-02T15:04:05Z07:00\": cannot parse \"\" as \"T\""
time=2024-11-10T05:16:20.221+05:00 level=INFO msg=login !BADKEY="начало обработки Авторизации"
time=2024-11-10T05:16:20.221+05:00 level=DEBUG msg=Login "Перед вызовом LoginUser"=username !BADKEY=fyefh
time=2024-11-10T05:16:20.221+05:00 level=DEBUG msg=LoginUser !BADKEY="starting login user"
time=2024-11-10T05:16:20.272+05:00 level=INFO msg="пользователь успешно аутентифицирован" username=fyefh
time=2024-11-10T05:16:20.272+05:00 level=INFO msg=Login "Пользователь успешно аутентифицирован"=username !BADKEY=fyefh
time=2024-11-10T05:16:41.509+05:00 level=DEBUG msg=Get "finished fetching dialogs"=user_id: !BADKEY=4a10cb71-b410-4449-9632-d3455171f3d9
time=2024-11-10T05:26:07.811+05:00 level=DEBUG msg=Get "finished fetching dialogs"=user_id: !BADKEY=4a10cb71-b410-4449-9632-d3455171f3d9
time=2024-11-10T05:26:14.842+05:00 level=DEBUG msg=Get "finished fetching dialogs"=user_id: !BADKEY=4a10cb71-b410-4449-9632-d3455171f3d9
time=2024-11-10T15:14:13.022+05:00 level=ERROR msg=HandleConnections !BADKEY="Ошибка: userID не найден в контексте"
time=2024-11-10T15:14:14.994+05:00 level=DEBUG msg=Get "finished fetching dialogs"=user_id: !BADKEY=4a10cb71-b410-4449-9632-d3455171f3d9
time=2024-11-10T15:14:24.830+05:00 level=ERROR msg=HandleConnections !BADKEY="Ошибка: userID не найден в контексте"
time=2024-11-10T15:14:25.044+05:00 level=DEBUG msg=Get "finished fetching dialogs"=user_id: !BADKEY=4a10cb71-b410-4449-9632-d3455171f3d9
time=2024-11-10T15:14:44.097+05:00 level=DEBUG msg=Get "finished fetching dialogs"=user_id: !BADKEY=4a10cb71-b410-4449-9632-d3455171f3d9
time=2024-11-10T15:16:49.179+05:00 level=DEBUG msg=Get "finished fetching dialogs"=user_id: !BADKEY=4a10cb71-b410-4449-9632-d3455171f3d9
time=2024-11-10T15:17:45.045+05:00 level=INFO msg=login !BADKEY="начало обработки Авторизации"
time=2024-11-10T15:17:45.045+05:00 level=DEBUG msg=Login "Перед вызовом LoginUser"=username !BADKEY=Anuar
time=2024-11-10T15:17:45.045+05:00 level=DEBUG msg=LoginUser !BADKEY="starting login user"
time=2024-11-10T15:17:45.047+05:00 level=WARN msg=LoginUser "неверный пароль для пользователя"=username !BADKEY=Anuar
time=2024-11-10T15:17:45.047+05:00 level=ERROR msg=Login "ошибка при аутентификации пользователя"=username Anuar=error !BADKEY="неверный пароль"
time=2024-11-10T15:17:57.379+05:00 level=INFO msg=login !BADKEY="начало обработки Авторизации"
time=2024-11-10T15:17:57.379+05:00 level=DEBUG msg=Login "Перед вызовом LoginUser"=username !BADKEY=Anuar
time=2024-11-10T15:17:57.379+05:00 level=DEBUG msg=LoginUser !BADKEY="starting login user"
time=2024-11-10T15:17:57.379+05:00 level=WARN msg=LoginUser "неверный пароль для пользователя"=username !BADKEY=Anuar
time=2024-11-10T15:17:57.379+05:00 level=ERROR msg=Login "ошибка при аутентификации пользователя"=username Anuar=error !BADKEY="неверный пароль"
time=2024-11-10T15:23:06.763+05:00 level=DEBUG msg=Get "finished fetching dialogs"=user_id: !BADKEY=4a10cb71-b410-4449-9632-d3455171f3d9
time=2024-11-10T15:23:06.775+05:00 level=ERROR msg=GetDialogs "Ошибка при извлечении данных из базы"=error !BADKEY="sql: Scan error on column index 4, name \"dialog_avatar\": converting NULL to string is unsupported"
time=2024-11-10T15:23:13.982+05:00 level=DEBUG msg=Get "finished fetching dialogs"=user_id: !BADKEY=4a10cb71-b410-4449-9632-d3455171f3d9
time=2024-11-10T15:23:13.983+05:00 level=ERROR msg=GetDialogs "Ошибка при извлечении данных из базы"=error !BADKEY="sql: Scan error on column index 4, name \"dialog_avatar\": converting NULL to string is unsupported"
time=2024-11-10T15:29:23.375+05:00 level=DEBUG msg=Get "finished fetching dialogs"=user_id: !BADKEY=4a10cb71-b410-4449-9632-d3455171f3d9
time=2024-11-10T15:29:23.376+05:00 level=ERROR msg=GetDialogs "Ошибка при извлечении данных из базы"=error !BADKEY="sql: Scan error on column index 4, name \"dialog_avatar\": converting NULL to string is unsupported"
time=2024-11-10T15:29:28.082+05:00 level=DEBUG msg=Get "finished fetching dialogs"=user_id: !BADKEY=4a10cb71-b410-4449-9632-d3455171f3d9
time=2024-11-10T15:29:28.084+05:00 level=ERROR msg=GetDialogs "Ошибка при извлечении данных из базы"=error !BADKEY="sql: Scan error on column index 4, name \"dialog_avatar\": converting NULL to string is unsupported"
time=2024-11-10T15:33:52.011+05:00 level=DEBUG msg=Get "finished fetching dialogs"=user_id: !BADKEY=4a10cb71-b410-4449-9632-d3455171f3d9
time=2024-11-10T15:33:52.013+05:00 level=ERROR msg=GetDialogs "Ошибка при извлечении данных из базы"=error !BADKEY="sql: Scan error on column index 4, name \"dialog_avatar\": converting NULL to string is unsupported"
time=2024-11-10T15:34:21.080+05:00 level=DEBUG msg=Get "finished fetching dialogs"=user_id: !BADKEY=4a10cb71-b410-4449-9632-d3455171f3d9
time=2024-11-10T15:34:21.081+05:00 level=ERROR msg=GetDialogs "Ошибка при извлечении данных из базы"=error !BADKEY="sql: Scan error on column index 4, name \"dialog_avatar\": converting NULL to string is unsupported"
time=2024-11-10T15:34:36.135+05:00 level=ERROR msg=HandleConnections !BADKEY="Ошибка: userID не найден в контексте"
time=2024-11-10T15:34:39.546+05:00 level=DEBUG msg=Get "finished fetching dialogs"=user_id: !BADKEY=4a10cb71-b410-4449-9632-d3455171f3d9
time=2024-11-10T15:34:39.547+05:00 level=ERROR msg=GetDialogs "Ошибка при извлечении данных из базы"=error !BADKEY="sql: Scan error on column index 4, name \"dialog_avatar\": converting NULL to string is unsupported"
time=2024-11-10T15:35:04.905+05:00 level=ERROR msg=HandleConnections !BADKEY="Ошибка: userID не найден в контексте"
time=2024-11-10T15:35:05.049+05:00 level=DEBUG msg=Get "finished fetching dialogs"=user_id: !BADKEY=4a10cb71-b410-4449-9632-d3455171f3d9
time=2024-11-10T15:35:05.050+05:00 level=ERROR msg=GetDialogs "Ошибка при извлечении данных из базы"=error !BADKEY="sql: Scan error on column index 4, name \"dialog_avatar\": converting NULL to string is unsupported"
time=2024-11-10T15:37:24.835+05:00 level=DEBUG msg=Get "finished fetching dialogs"=user_id: !BADKEY=4a10cb71-b410-4449-9632-d3455171f3d9
time=2024-11-10T15:37:37.433+05:00 level=ERROR msg=HandleConnections !BADKEY="Ошибка: userID не найден в контексте"
time=2024-11-10T15:37:39.401+05:00 level=DEBUG msg=Get "finished fetching dialogs"=user_id: !BADKEY=4a10cb71-b410-4449-9632-d3455171f3d9
time=2024-11-10T15:41:44.973+05:00 level=ERROR msg=HandleConnections !BADKEY="Ошибка: userID не найден в контексте"
time=2024-11-10T15:41:47.242+05:00 level=DEBUG msg=Get "finished fetching dialogs"=user_id: !BADKEY=4a10cb71-b410-4449-9632-d3455171f3d9
time=2024-11-10T15:43:45.611+05:00 level=DEBUG msg=Get "finished fetching dialogs"=user_id: !BADKEY=4a10cb71-b410-4449-9632-d3455171f3d9
time=2024-11-10T15:43:45.927+05:00 level=DEBUG msg=Get "finished fetching dialogs"=user_id: !BADKEY=4a10cb71-b410-4449-9632-d3455171f3d9
time=2024-11-10T15:43:46.839+05:00 level=ERROR msg=HandleConnections !BADKEY="Ошибка: userID не найден в контексте"
time=2024-11-10T15:43:48.951+05:00 level=DEBUG msg=Get "finished fetching dialogs"=user_id: !BADKEY=4a10cb71-b410-4449-9632-d3455171f3d9
time=2024-11-10T15:43:49.901+05:00 level=DEBUG msg=Get "finished fetching dialogs"=user_id: !BADKEY=4a10cb71-b410-4449-9632-d3455171f3d9
time=2024-11-10T15:43:50.249+05:00 level=DEBUG msg=Get "finished fetching dialogs"=user_id: !BADKEY=4a10cb71-b410-4449-9632-d3455171f3d9
time=2024-11-10T15:43:50.697+05:00 level=DEBUG msg=Get "finished fetching dialogs"=user_id: !BADKEY=4a10cb71-b410-4449-9632-d3455171f3d9
time=2024-11-10T15:43:51.427+05:00 level=DEBUG msg=Get "finished fetching dialogs"=user_id: !BADKEY=4a10cb71-b410-4449-9632-d3455171f3d9
time=2024-11-10T15:43:51.596+05:00 level=DEBUG msg=Get "finished fetching dialogs"=user_id: !BADKEY=4a10cb71-b410-4449-9632-d3455171f3d9
time=2024-11-10T15:43:52.336+05:00 level=DEBUG msg=Get "finished fetching dialogs"=user_id: !BADKEY=4a10cb71-b410-4449-9632-d3455171f3d9
time=2024-11-10T15:44:04.270+05:00 level=ERROR msg=HandleConnections !BADKEY="Ошибка: userID не найден в контексте"
time=2024-11-10T15:44:08.738+05:00 level=DEBUG msg=Get "finished fetching dialogs"=user_id: !BADKEY=4a10cb71-b410-4449-9632-d3455171f3d9
time=2024-11-10T15:44:09.516+05:00 level=DEBUG msg=Get "finished fetching dialogs"=user_id: !BADKEY=4a10cb71-b410-4449-9632-d3455171f3d9
time=2024-11-10T15:44:48.440+05:00 level=DEBUG msg=Get "finished fetching dialogs"=user_id: !BADKEY=4a10cb71-b410-4449-9632-d3455171f3d9
time=2024-11-10T15:54:38.288+05:00 level=DEBUG msg=Get "finished fetching dialogs"=user_id: !BADKEY=4a10cb71-b410-4449-9632-d3455171f3d9
time=2024-11-10T15:54:38.288+05:00 level=DEBUG msg=Get "finished fetching dialogs"=user_id: !BADKEY=4a10cb71-b410-4449-9632-d3455171f3d9
time=2024-11-10T15:54:38.296+05:00 level=ERROR msg=GetDialogs "Ошибка при извлечении данных из базы"=error !BADKEY="sql: expected 6 destination arguments in Scan, not 7"
time=2024-11-10T15:54:38.588+05:00 level=ERROR msg=GetDialogs "Ошибка при извлечении данных из базы"=error !BADKEY="sql: expected 6 destination arguments in Scan, not 7"
time=2024-11-10T15:55:09.274+05:00 level=ERROR msg=HandleConnections !BADKEY="Ошибка: userID не найден в контексте"
time=2024-11-10T15:55:10.904+05:00 level=DEBUG msg=Get "finished fetching dialogs"=user_id: !BADKEY=4a10cb71-b410-4449-9632-d3455171f3d9
time=2024-11-10T15:55:10.905+05:00 level=ERROR msg=GetDialogs "Ошибка при извлечении данных из базы"=error !BADKEY="sql: expected 6 destination arguments in Scan, not 7"
time=2024-11-10T15:55:22.028+05:00 level=ERROR msg=HandleConnections !BADKEY="Ошибка: userID не найден в контексте"
time=2024-11-10T15:55:22.087+05:00 level=DEBUG msg=Get "finished fetching dialogs"=user_id: !BADKEY=4a10cb71-b410-4449-9632-d3455171f3d9
time=2024-11-10T15:55:22.089+05:00 level=ERROR msg=GetDialogs "Ошибка при извлечении данных из базы"=error !BADKEY="sql: expected 6 destination arguments in Scan, not 7"
time=2024-11-10T15:59:35.565+05:00 level=ERROR msg=HandleConnections !BADKEY="Ошибка: userID не найден в контексте"
time=2024-11-10T15:59:35.620+05:00 level=DEBUG msg=Get "finished fetching dialogs"=user_id: !BADKEY=4a10cb71-b410-4449-9632-d3455171f3d9
time=2024-11-10T15:59:42.427+05:00 level=DEBUG msg=Get "finished fetching dialogs"=user_id: !BADKEY=4a10cb71-b410-4449-9632-d3455171f3d9
time=2024-11-10T15:59:42.453+05:00 level=DEBUG msg=Get "finished fetching dialogs"=user_id: !BADKEY=4a10cb71-b410-4449-9632-d3455171f3d9
time=2024-11-10T15:59:42.454+05:00 level=DEBUG msg=Get "finished fetching dialogs"=user_id: !BADKEY=4a10cb71-b410-4449-9632-d3455171f3d9
time=2024-11-10T16:01:12.082+05:00 level=DEBUG msg=Get "finished fetching dialogs"=user_id: !BADKEY=4a10cb71-b410-4449-9632-d3455171f3d9
time=2024-11-10T16:01:17.018+05:00 level=ERROR msg=HandleConnections !BADKEY="Ошибка: userID не найден в контексте"
time=2024-11-10T16:01:17.031+05:00 level=DEBUG msg=Get "finished fetching dialogs"=user_id: !BADKEY=4a10cb71-b410-4449-9632-d3455171f3d9
time=2024-11-10T16:01:17.080+05:00 level=DEBUG msg=Get "finished fetching dialogs"=user_id: !BADKEY=4a10cb71-b410-4449-9632-d3455171f3d9
time=2024-11-10T16:01:17.080+05:00 level=DEBUG msg=Get "finished fetching dialogs"=user_id: !BADKEY=4a10cb71-b410-4449-9632-d3455171f3d9
time=2024-11-10T16:03:46.738+05:00 level=ERROR msg=HandleConnections !BADKEY="Ошибка: userID не найден в контексте"
time=2024-11-10T16:03:48.145+05:00 level=DEBUG msg=Get "finished fetching dialogs"=user_id: !BADKEY=4a10cb71-b410-4449-9632-d3455171f3d9
time=2024-11-10T16:03:48.164+05:00 level=DEBUG msg=Get "finished fetching dialogs"=user_id: !BADKEY=4a10cb71-b410-4449-9632-d3455171f3d9
time=2024-11-10T16:03:48.164+05:00 level=DEBUG msg=Get "finished fetching dialogs"=user_id: !BADKEY=4a10cb71-b410-4449-9632-d3455171f3d9
time=2024-11-10T16:04:08.854+05:00 level=ERROR msg=HandleConnections !BADKEY="Ошибка: userID не найден в контексте"
time=2024-11-10T16:04:09.000+05:00 level=DEBUG msg=Get "finished fetching dialogs"=user_id: !BADKEY=4a10cb71-b410-4449-9632-d3455171f3d9
time=2024-11-10T16:04:09.114+05:00 level=DEBUG msg=Get "finished fetching dialogs"=user_id: !BADKEY=4a10cb71-b410-4449-9632-d3455171f3d9
time=2024-11-10T16:04:09.115+05:00 level=DEBUG msg=Get "finished fetching dialogs"=user_id: !BADKEY=4a10cb71-b410-4449-9632-d3455171f3d9
time=2024-11-10T16:04:33.205+05:00 level=ERROR msg=HandleConnections !BADKEY="Ошибка: userID не найден в контексте"
time=2024-11-10T16:04:33.263+05:00 level=DEBUG msg=Get "finished fetching dialogs"=user_id: !BADKEY=4a10cb71-b410-4449-9632-d3455171f3d9
time=2024-11-10T16:04:33.285+05:00 level=DEBUG msg=Get "finished fetching dialogs"=user_id: !BADKEY=4a10cb71-b410-4449-9632-d3455171f3d9
time=2024-11-10T16:04:33.285+05:00 level=DEBUG msg=Get "finished fetching dialogs"=user_id: !BADKEY=4a10cb71-b410-4449-9632-d3455171f3d9
time=2024-11-10T16:04:33.691+05:00 level=ERROR msg=HandleConnections !BADKEY="Ошибка: userID не найден в контексте"
time=2024-11-10T16:04:33.707+05:00 level=DEBUG msg=Get "finished fetching dialogs"=user_id: !BADKEY=4a10cb71-b410-4449-9632-d3455171f3d9
time=2024-11-10T16:04:33.814+05:00 level=DEBUG msg=Get "finished fetching dialogs"=user_id: !BADKEY=4a10cb71-b410-4449-9632-d3455171f3d9
time=2024-11-10T16:04:33.814+05:00 level=DEBUG msg=Get "finished fetching dialogs"=user_id: !BADKEY=4a10cb71-b410-4449-9632-d3455171f3d9
time=2024-11-10T16:04:34.397+05:00 level=ERROR msg=HandleConnections !BADKEY="Ошибка: userID не найден в контексте"
time=2024-11-10T16:04:34.428+05:00 level=DEBUG msg=Get "finished fetching dialogs"=user_id: !BADKEY=4a10cb71-b410-4449-9632-d3455171f3d9
time=2024-11-10T16:04:34.472+05:00 level=DEBUG msg=Get "finished fetching dialogs"=user_id: !BADKEY=4a10cb71-b410-4449-9632-d3455171f3d9
time=2024-11-10T16:04:34.472+05:00 level=DEBUG msg=Get "finished fetching dialogs"=user_id: !BADKEY=4a10cb71-b410-4449-9632-d3455171f3d9
time=2024-11-10T16:04:34.765+05:00 level=ERROR msg=HandleConnections !BADKEY="Ошибка: userID не найден в контексте"
time=2024-11-10T16:04:34.797+05:00 level=DEBUG msg=Get "finished fetching dialogs"=user_id: !BADKEY=4a10cb71-b410-4449-9632-d3455171f3d9
time=2024-11-10T16:04:34.819+05:00 level=DEBUG msg=Get "finished fetching dialogs"=user_id: !BADKEY=4a10cb71-b410-4449-9632-d3455171f3d9
time=2024-11-10T16:04:34.819+05:00 level=DEBUG msg=Get "finished fetching dialogs"=user_id: !BADKEY=4a10cb71-b410-4449-9632-d3455171f3d9
time=2024-11-10T16:04:35.394+05:00 level=ERROR msg=HandleConnections !BADKEY="Ошибка: userID не найден в контексте"
time=2024-11-10T16:08:53.103+05:00 level=ERROR msg=HandleConnections !BADKEY="Ошибка: userID не найден в контексте"
time=2024-11-10T16:08:55.001+05:00 level=DEBUG msg=Get "finished fetching dialogs"=user_id: !BADKEY=4a10cb71-b410-4449-9632-d3455171f3d9
time=2024-11-10T16:08:55.019+05:00 level=DEBUG msg=Get "finished fetching dialogs"=user_id: !BADKEY=4a10cb71-b410-4449-9632-d3455171f3d9
time=2024-11-10T16:08:55.019+05:00 level=DEBUG msg=Get "finished fetching dialogs"=user_id: !BADKEY=4a10cb71-b410-4449-9632-d3455171f3d9
time=2024-11-10T16:10:22.273+05:00 level=DEBUG msg=Get "finished fetching dialogs"=user_id: !BADKEY=4a10cb71-b410-4449-9632-d3455171f3d9
time=2024-11-10T16:10:22.274+05:00 level=DEBUG msg=Get "finished fetching dialogs"=user_id: !BADKEY=4a10cb71-b410-4449-9632-d3455171f3d9
time=2024-11-10T16:10:43.609+05:00 level=ERROR msg=HandleConnections !BADKEY="Ошибка: userID не найден в контексте"
time=2024-11-10T16:10:43.631+05:00 level=DEBUG msg=Get "finished fetching dialogs"=user_id: !BADKEY=4a10cb71-b410-4449-9632-d3455171f3d9
time=2024-11-10T16:10:43.661+05:00 level=DEBUG msg=Get "finished fetching dialogs"=user_id: !BADKEY=4a10cb71-b410-4449-9632-d3455171f3d9
time=2024-11-10T16:10:43.661+05:00 level=DEBUG msg=Get "finished fetching dialogs"=user_id: !BADKEY=4a10cb71-b410-4449-9632-d3455171f3d9
time=2024-11-10T16:11:49.045+05:00 level=DEBUG msg=Get "finished fetching dialogs"=user_id: !BADKEY=4a10cb71-b410-4449-9632-d3455171f3d9
time=2024-11-10T16:11:49.046+05:00 level=DEBUG msg=Get "finished fetching dialogs"=user_id: !BADKEY=4a10cb71-b410-4449-9632-d3455171f3d9
time=2024-11-10T16:12:02.257+05:00 level=DEBUG msg=Get "finished fetching dialogs"=user_id: !BADKEY=4a10cb71-b410-4449-9632-d3455171f3d9
time=2024-11-10T16:12:02.259+05:00 level=DEBUG msg=Get "finished fetching dialogs"=user_id: !BADKEY=4a10cb71-b410-4449-9632-d3455171f3d9
time=2024-11-10T16:12:12.351+05:00 level=DEBUG msg=Get "finished fetching dialogs"=user_id: !BADKEY=4a10cb71-b410-4449-9632-d3455171f3d9
time=2024-11-10T16:12:12.356+05:00 level=DEBUG msg=Get "finished fetching dialogs"=user_id: !BADKEY=4a10cb71-b410-4449-9632-d3455171f3d9
time=2024-11-10T16:12:16.502+05:00 level=ERROR msg=HandleConnections !BADKEY="Ошибка: userID не найден в контексте"
time=2024-11-10T16:12:17.989+05:00 level=DEBUG msg=Get "finished fetching dialogs"=user_id: !BADKEY=4a10cb71-b410-4449-9632-d3455171f3d9
time=2024-11-10T16:12:18.003+05:00 level=DEBUG msg=Get "finished fetching dialogs"=user_id: !BADKEY=4a10cb71-b410-4449-9632-d3455171f3d9
time=2024-11-10T16:12:18.003+05:00 level=DEBUG msg=Get "finished fetching dialogs"=user_id: !BADKEY=4a10cb71-b410-4449-9632-d3455171f3d9
time=2024-11-10T16:12:41.643+05:00 level=ERROR msg=HandleConnections !BADKEY="Ошибка: userID не найден в контексте"
time=2024-11-10T16:12:42.985+05:00 level=DEBUG msg=Get "finished fetching dialogs"=user_id: !BADKEY=4a10cb71-b410-4449-9632-d3455171f3d9
time=2024-11-10T16:12:43.002+05:00 level=DEBUG msg=Get "finished fetching dialogs"=user_id: !BADKEY=4a10cb71-b410-4449-9632-d3455171f3d9
time=2024-11-10T16:12:43.002+05:00 level=DEBUG msg=Get "finished fetching dialogs"=user_id: !BADKEY=4a10cb71-b410-4449-9632-d3455171f3d9
time=2024-11-10T16:14:44.098+05:00 level=DEBUG msg=Get "finished fetching dialogs"=user_id: !BADKEY=4a10cb71-b410-4449-9632-d3455171f3d9
time=2024-11-10T16:14:44.114+05:00 level=DEBUG msg=Get "finished fetching dialogs"=user_id: !BADKEY=4a10cb71-b410-4449-9632-d3455171f3d9
time=2024-11-10T16:14:44.114+05:00 level=DEBUG msg=Get "finished fetching dialogs"=user_id: !BADKEY=4a10cb71-b410-4449-9632-d3455171f3d9
time=2024-11-10T16:14:51.882+05:00 level=DEBUG msg=Get "finished fetching dialogs"=user_id: !BADKEY=4a10cb71-b410-4449-9632-d3455171f3d9
time=2024-11-10T16:14:51.898+05:00 level=DEBUG msg=Get "finished fetching dialogs"=user_id: !BADKEY=4a10cb71-b410-4449-9632-d3455171f3d9
time=2024-11-10T16:14:51.898+05:00 level=DEBUG msg=Get "finished fetching dialogs"=user_id: !BADKEY=4a10cb71-b410-4449-9632-d3455171f3d9
time=2024-11-10T16:15:06.010+05:00 level=DEBUG msg=Get "finished fetching dialogs"=user_id: !BADKEY=4a10cb71-b410-4449-9632-d3455171f3d9
time=2024-11-10T16:15:06.024+05:00 level=DEBUG msg=Get "finished fetching dialogs"=user_id: !BADKEY=4a10cb71-b410-4449-9632-d3455171f3d9
time=2024-11-10T16:15:06.024+05:00 level=DEBUG msg=Get "finished fetching dialogs"=user_id: !BADKEY=4a10cb71-b410-4449-9632-d3455171f3d9
time=2024-11-10T16:17:32.538+05:00 level=ERROR msg=HandleConnections !BADKEY="Ошибка: userID не найден в контексте"
time=2024-11-10T16:17:32.554+05:00 level=DEBUG msg=Get "finished fetching dialogs"=user_id: !BADKEY=4a10cb71-b410-4449-9632-d3455171f3d9
time=2024-11-10T16:17:32.591+05:00 level=DEBUG msg=Get "finished fetching dialogs"=user_id: !BADKEY=4a10cb71-b410-4449-9632-d3455171f3d9
time=2024-11-10T16:17:32.591+05:00 level=DEBUG msg=Get "finished fetching dialogs"=user_id: !BADKEY=4a10cb71-b410-4449-9632-d3455171f3d9
time=2024-11-10T16:21:52.563+05:00 level=ERROR msg=HandleConnections !BADKEY="Ошибка: userID не найден в контексте"
time=2024-11-10T16:21:52.789+05:00 level=DEBUG msg=Get "finished fetching dialogs"=user_id: !BADKEY=4a10cb71-b410-4449-9632-d3455171f3d9
time=2024-11-10T16:21:52.898+05:00 level=DEBUG msg=Get "finished fetching dialogs"=user_id: !BADKEY=4a10cb71-b410-4449-9632-d3455171f3d9
time=2024-11-10T16:21:52.898+05:00 level=DEBUG msg=Get "finished fetching dialogs"=user_id: !BADKEY=4a10cb71-b410-4449-9632-d3455171f3d9
time=2024-11-10T16:21:52.899+05:00 level=DEBUG msg=Get "finished fetching dialogs"=user_id: !BADKEY=4a10cb71-b410-4449-9632-d3455171f3d9
time=2024-11-10T16:21:55.003+05:00 level=ERROR msg=HandleConnections !BADKEY="Ошибка: userID не найден в контексте"
time=2024-11-10T16:22:01.123+05:00 level=INFO msg=login !BADKEY="начало обработки Авторизации"
time=2024-11-10T16:22:01.124+05:00 level=DEBUG msg=Login "Перед вызовом LoginUser"=username !BADKEY=damir
time=2024-11-10T16:22:01.124+05:00 level=DEBUG msg=LoginUser !BADKEY="starting login user"
time=2024-11-10T16:22:01.125+05:00 level=WARN msg=LoginUser "неверный пароль для пользователя"=username !BADKEY=damir
time=2024-11-10T16:22:01.125+05:00 level=ERROR msg=Login "ошибка при аутентификации пользователя"=username damir=error !BADKEY="неверный пароль"
time=2024-11-10T16:22:17.405+05:00 level=DEBUG msg=Get "finished fetching dialogs"=user_id: !BADKEY=4a10cb71-b410-4449-9632-d3455171f3d9
time=2024-11-10T16:22:17.423+05:00 level=DEBUG msg=Get "finished fetching dialogs"=user_id: !BADKEY=4a10cb71-b410-4449-9632-d3455171f3d9
time=2024-11-10T16:22:17.423+05:00 level=DEBUG msg=Get "finished fetching dialogs"=user_id: !BADKEY=4a10cb71-b410-4449-9632-d3455171f3d9
time=2024-11-10T16:22:17.423+05:00 level=DEBUG msg=Get "finished fetching dialogs"=user_id: !BADKEY=4a10cb71-b410-4449-9632-d3455171f3d9
time=2024-11-10T16:29:46.973+05:00 level=ERROR msg=HandleConnections !BADKEY="Ошибка: userID не найден в контексте"
time=2024-11-10T16:29:47.000+05:00 level=DEBUG msg=Get "finished fetching dialogs"=user_id: !BADKEY=4a10cb71-b410-4449-9632-d3455171f3d9
time=2024-11-10T16:33:59.526+05:00 level=ERROR msg=HandleConnections !BADKEY="Ошибка: userID не найден в контексте"
time=2024-11-10T16:34:07.215+05:00 level=INFO msg=login !BADKEY="начало обработки Авторизации"
time=2024-11-10T16:34:07.215+05:00 level=DEBUG msg=Login "Перед вызовом LoginUser"=username !BADKEY=fyefh
time=2024-11-10T16:34:07.215+05:00 level=DEBUG msg=LoginUser !BADKEY="starting login user"
time=2024-11-10T16:34:07.217+05:00 level=WARN msg=LoginUser "неверный пароль для пользователя"=username !BADKEY=fyefh
time=2024-11-10T16:34:07.217+05:00 level=ERROR msg=Login "ошибка при аутентификации пользователя"=username fyefh=error !BADKEY="неверный пароль"
time=2024-11-10T16:34:10.188+05:00 level=DEBUG msg=Get "finished fetching dialogs"=user_id: !BADKEY=4a10cb71-b410-4449-9632-d3455171f3d9
time=2024-11-10T16:34:18.230+05:00 level=ERROR msg=HandleConnections !BADKEY="Ошибка: userID не найден в контексте"
time=2024-11-10T16:35:03.508+05:00 level=DEBUG msg=Register !BADKEY="начала обработки регистрации пользователя"
time=2024-11-10T16:35:03.597+05:00 level=DEBUG msg=RegistrationUser "registration user finished"=username !BADKEY=fyefhq
time=2024-11-10T16:35:03.598+05:00 level=DEBUG msg=Register "User successfully registered"=username !BADKEY=fyefhq
time=2024-11-10T16:35:16.066+05:00 level=INFO msg=login !BADKEY="начало обработки Авторизации"
time=2024-11-10T16:35:16.066+05:00 level=DEBUG msg=Login "Перед вызовом LoginUser"=username !BADKEY=fyefhq
time=2024-11-10T16:35:16.066+05:00 level=DEBUG msg=LoginUser !BADKEY="starting login user"
time=2024-11-10T16:35:16.148+05:00 level=INFO msg="пользователь успешно аутентифицирован" username=fyefhq
time=2024-11-10T16:35:16.149+05:00 level=INFO msg=Login "Пользователь успешно аутентифицирован"=username !BADKEY=fyefhq
time=2024-11-10T16:35:19.420+05:00 level=DEBUG msg=Get "finished fetching dialogs"=user_id: !BADKEY=006a358d-1b2f-458f-ae89-c91ac1d26c81
time=2024-11-10T16:35:39.652+05:00 level=ERROR msg=HandleConnections !BADKEY="Ошибка: userID не найден в контексте"
time=2024-11-10T16:35:41.635+05:00 level=DEBUG msg=Get "finished fetching dialogs"=user_id: !BADKEY=006a358d-1b2f-458f-ae89-c91ac1d26c81
time=2024-11-10T16:35:41.643+05:00 level=DEBUG msg=Get "finished fetching dialogs"=user_id: !BADKEY=006a358d-1b2f-458f-ae89-c91ac1d26c81
time=2024-11-10T16:52:41.595+05:00 level=DEBUG msg=Register !BADKEY="начала обработки регистрации пользователя"
time=2024-11-10T16:52:41.682+05:00 level=DEBUG msg=RegistrationUser "registration user finished"=username !BADKEY=Fekis
time=2024-11-10T16:52:41.684+05:00 level=DEBUG msg=Register "User successfully registered"=username !BADKEY=Fekis
time=2024-11-10T16:52:52.394+05:00 level=INFO msg=login !BADKEY="начало обработки Авторизации"
time=2024-11-10T16:52:52.394+05:00 level=DEBUG msg=Login "Перед вызовом LoginUser"=username !BADKEY=fekis
time=2024-11-10T16:52:52.394+05:00 level=DEBUG msg=LoginUser !BADKEY="starting login user"
time=2024-11-10T16:52:52.395+05:00 level=WARN msg=LoginUser "пользователь не найден"=username !BADKEY=fekis
time=2024-11-10T16:52:52.403+05:00 level=ERROR msg=Login "ошибка при аутентификации пользователя"=username fekis=error !BADKEY="пользователь не найден"
time=2024-11-10T16:53:05.363+05:00 level=INFO msg=login !BADKEY="начало обработки Авторизации"
time=2024-11-10T16:53:05.363+05:00 level=DEBUG msg=Login "Перед вызовом LoginUser"=username !BADKEY=Fekis
time=2024-11-10T16:53:05.363+05:00 level=DEBUG msg=LoginUser !BADKEY="starting login user"
time=2024-11-10T16:53:05.413+05:00 level=INFO msg="пользователь успешно аутентифицирован" username=Fekis
time=2024-11-10T16:53:05.413+05:00 level=INFO msg=Login "Пользователь успешно аутентифицирован"=username !BADKEY=Fekis
time=2024-11-10T16:53:07.000+05:00 level=DEBUG msg=Get "finished fetching dialogs"=user_id: !BADKEY=943c9d01-ee13-4d8d-98ee-3b3b85fdd562
time=2024-11-10T16:53:14.825+05:00 level=ERROR msg=HandleConnections !BADKEY="Ошибка: userID не найден в контексте"
time=2024-11-10T16:53:14.850+05:00 level=DEBUG msg=Get "finished fetching dialogs"=user_id: !BADKEY=943c9d01-ee13-4d8d-98ee-3b3b85fdd562
time=2024-11-10T16:53:15.225+05:00 level=DEBUG msg=Get "finished fetching dialogs"=user_id: !BADKEY=943c9d01-ee13-4d8d-98ee-3b3b85fdd562
time=2024-11-10T16:53:15.235+05:00 level=ERROR msg=HandleConnections !BADKEY="Ошибка: userID не найден в контексте"
time=2024-11-10T16:53:15.577+05:00 level=ERROR msg=HandleConnections !BADKEY="Ошибка: userID не найден в контексте"
time=2024-11-10T16:53:15.593+05:00 level=DEBUG msg=Get "finished fetching dialogs"=user_id: !BADKEY=943c9d01-ee13-4d8d-98ee-3b3b85fdd562
time=2024-11-10T16:54:31.494+05:00 level=ERROR msg=HandleConnections !BADKEY="Ошибка: userID не найден в контексте"
time=2024-11-10T16:54:33.312+05:00 level=DEBUG msg=Get "finished fetching dialogs"=user_id: !BADKEY=943c9d01-ee13-4d8d-98ee-3b3b85fdd562
time=2024-11-10T16:54:33.326+05:00 level=DEBUG msg=Get "finished fetching dialogs"=user_id: !BADKEY=943c9d01-ee13-4d8d-98ee-3b3b85fdd562
time=2024-11-10T16:55:45.308+05:00 level=ERROR msg=HandleConnections !BADKEY="Ошибка: userID не найден в контексте"
time=2024-11-10T16:55:45.323+05:00 level=DEBUG msg=Get "finished fetching dialogs"=user_id: !BADKEY=943c9d01-ee13-4d8d-98ee-3b3b85fdd562
time=2024-11-10T16:55:45.363+05:00 level=DEBUG msg=Get "finished fetching dialogs"=user_id: !BADKEY=943c9d01-ee13-4d8d-98ee-3b3b85fdd562
time=2024-11-10T16:55:45.363+05:00 level=DEBUG msg=Get "finished fetching dialogs"=user_id: !BADKEY=943c9d01-ee13-4d8d-98ee-3b3b85fdd562
time=2024-11-10T16:56:09.915+05:00 level=INFO msg=login !BADKEY="начало обработки Авторизации"
time=2024-11-10T16:56:09.915+05:00 level=DEBUG msg=Login "Перед вызовом LoginUser"=username !BADKEY=fyefh
time=2024-11-10T16:56:09.915+05:00 level=DEBUG msg=LoginUser !BADKEY="starting login user"
time=2024-11-10T16:56:09.916+05:00 level=WARN msg=LoginUser "неверный пароль для пользователя"=username !BADKEY=fyefh
time=2024-11-10T16:56:09.916+05:00 level=ERROR msg=Login "ошибка при аутентификации пользователя"=username fyefh=error !BADKEY="неверный пароль"
time=2024-11-10T16:56:25.073+05:00 level=INFO msg=login !BADKEY="начало обработки Авторизации"
time=2024-11-10T16:56:25.073+05:00 level=DEBUG msg=Login "Перед вызовом LoginUser"=username !BADKEY=fyefhq
time=2024-11-10T16:56:25.073+05:00 level=DEBUG msg=LoginUser !BADKEY="starting login user"
time=2024-11-10T16:56:25.124+05:00 level=INFO msg="пользователь успешно аутентифицирован" username=fyefhq
time=2024-11-10T16:56:25.124+05:00 level=INFO msg=Login "Пользователь успешно аутентифицирован"=username !BADKEY=fyefhq
time=2024-11-10T16:56:26.446+05:00 level=DEBUG msg=Get "finished fetching dialogs"=user_id: !BADKEY=006a358d-1b2f-458f-ae89-c91ac1d26c81
time=2024-11-10T16:56:26.460+05:00 level=DEBUG msg=Get "finished fetching dialogs"=user_id: !BADKEY=006a358d-1b2f-458f-ae89-c91ac1d26c81
time=2024-11-10T16:57:33.502+05:00 level=ERROR msg=HandleConnections !BADKEY="Ошибка: userID не найден в контексте"
time=2024-11-10T16:57:33.516+05:00 level=DEBUG msg=Get "finished fetching dialogs"=user_id: !BADKEY=006a358d-1b2f-458f-ae89-c91ac1d26c81
time=2024-11-10T16:57:33.552+05:00 level=DEBUG msg=Get "finished fetching dialogs"=user_id: !BADKEY=006a358d-1b2f-458f-ae89-c91ac1d26c81
time=2024-11-10T16:57:33.552+05:00 level=DEBUG msg=Get "finished fetching dialogs"=user_id: !BADKEY=006a358d-1b2f-458f-ae89-c91ac1d26c81
time=2024-11-10T16:57:33.552+05:00 level=DEBUG msg=Get "finished fetching dialogs"=user_id: !BADKEY=006a358d-1b2f-458f-ae89-c91ac1d26c81
time=2024-11-10T17:09:28.532+05:00 level=ERROR msg=HandleConnections !BADKEY="Ошибка: userID не найден в контексте"
time=2024-11-10T17:09:38.168+05:00 level=DEBUG msg=Get "finished fetching dialogs"=user_id: !BADKEY=006a358d-1b2f-458f-ae89-c91ac1d26c81
time=2024-11-10T17:09:38.202+05:00 level=DEBUG msg=Get "finished fetching dialogs"=user_id: !BADKEY=006a358d-1b2f-458f-ae89-c91ac1d26c81
time=2024-11-10T17:09:38.203+05:00 level=DEBUG msg=Get "finished fetching dialogs"=user_id: !BADKEY=006a358d-1b2f-458f-ae89-c91ac1d26c81
time=2024-11-10T17:09:38.237+05:00 level=DEBUG msg=Get "finished fetching dialogs"=user_id: !BADKEY=006a358d-1b2f-458f-ae89-c91ac1d26c81
time=2024-11-10T17:10:10.857+05:00 level=ERROR msg=HandleConnections !BADKEY="Ошибка: userID не найден в контексте"
time=2024-11-10T17:10:10.925+05:00 level=DEBUG msg=Get "finished fetching dialogs"=user_id: !BADKEY=006a358d-1b2f-458f-ae89-c91ac1d26c81
time=2024-11-10T17:10:11.030+05:00 level=DEBUG msg=Get "finished fetching dialogs"=user_id: !BADKEY=006a358d-1b2f-458f-ae89-c91ac1d26c81
time=2024-11-10T17:10:11.031+05:00 level=DEBUG msg=Get "finished fetching dialogs"=user_id: !BADKEY=006a358d-1b2f-458f-ae89-c91ac1d26c81
time=2024-11-10T17:10:11.036+05:00 level=DEBUG msg=Get "finished fetching dialogs"=user_id: !BADKEY=006a358d-1b2f-458f-ae89-c91ac1d26c81
time=2024-11-10T17:11:50.708+05:00 level=ERROR msg=HandleConnections !BADKEY="Ошибка: userID не найден в контексте"
time=2024-11-10T17:11:52.174+05:00 level=DEBUG msg=Get "finished fetching dialogs"=user_id: !BADKEY=006a358d-1b2f-458f-ae89-c91ac1d26c81
time=2024-11-10T17:11:52.189+05:00 level=DEBUG msg=Get "finished fetching dialogs"=user_id: !BADKEY=006a358d-1b2f-458f-ae89-c91ac1d26c81
time=2024-11-10T17:11:52.189+05:00 level=DEBUG msg=Get "finished fetching dialogs"=user_id: !BADKEY=006a358d-1b2f-458f-ae89-c91ac1d26c81
time=2024-11-10T17:11:52.195+05:00 level=DEBUG msg=Get "finished fetching dialogs"=user_id: !BADKEY=006a358d-1b2f-458f-ae89-c91ac1d26c81
time=2024-11-10T17:15:11.904+05:00 level=DEBUG msg=Get "finished fetching dialogs"=user_id: !BADKEY=006a358d-1b2f-458f-ae89-c91ac1d26c81
time=2024-11-10T17:15:11.904+05:00 level=DEBUG msg=Get "finished fetching dialogs"=user_id: !BADKEY=006a358d-1b2f-458f-ae89-c91ac1d26c81
time=2024-11-10T17:15:11.919+05:00 level=DEBUG msg=Get "finished fetching dialogs"=user_id: !BADKEY=006a358d-1b2f-458f-ae89-c91ac1d26c81
time=2024-11-10T17:15:12.168+05:00 level=DEBUG msg=Get "finished fetching dialogs"=user_id: !BADKEY=006a358d-1b2f-458f-ae89-c91ac1d26c81
time=2024-11-10T17:15:12.169+05:00 level=DEBUG msg=Get "finished fetching dialogs"=user_id: !BADKEY=006a358d-1b2f-458f-ae89-c91ac1d26c81
time=2024-11-10T17:15:12.169+05:00 level=DEBUG msg=Get "finished fetching dialogs"=user_id: !BADKEY=006a358d-1b2f-458f-ae89-c91ac1d26c81
time=2024-11-10T17:15:26.071+05:00 level=DEBUG msg=Get "finished fetching dialogs"=user_id: !BADKEY=006a358d-1b2f-458f-ae89-c91ac1d26c81
time=2024-11-10T17:15:26.106+05:00 level=DEBUG msg=Get "finished fetching dialogs"=user_id: !BADKEY=006a358d-1b2f-458f-ae89-c91ac1d26c81
time=2024-11-10T17:15:26.110+05:00 level=DEBUG msg=Get "finished fetching dialogs"=user_id: !BADKEY=006a358d-1b2f-458f-ae89-c91ac1d26c81
time=2024-11-10T17:15:26.110+05:00 level=DEBUG msg=Get "finished fetching dialogs"=user_id: !BADKEY=006a358d-1b2f-458f-ae89-c91ac1d26c81
time=2024-11-10T17:15:26.480+05:00 level=DEBUG msg=Get "finished fetching dialogs"=user_id: !BADKEY=006a358d-1b2f-458f-ae89-c91ac1d26c81
time=2024-11-10T17:15:26.550+05:00 level=DEBUG msg=Get "finished fetching dialogs"=user_id: !BADKEY=006a358d-1b2f-458f-ae89-c91ac1d26c81
time=2024-11-10T17:15:26.552+05:00 level=DEBUG msg=Get "finished fetching dialogs"=user_id: !BADKEY=006a358d-1b2f-458f-ae89-c91ac1d26c81
time=2024-11-10T17:15:26.584+05:00 level=DEBUG msg=Get "finished fetching dialogs"=user_id: !BADKEY=006a358d-1b2f-458f-ae89-c91ac1d26c81
time=2024-11-10T17:15:26.697+05:00 level=ERROR msg=HandleConnections !BADKEY="Ошибка: userID не найден в контексте"
time=2024-11-10T17:15:28.528+05:00 level=DEBUG msg=Get "finished fetching dialogs"=user_id: !BADKEY=006a358d-1b2f-458f-ae89-c91ac1d26c81
time=2024-11-10T17:15:28.545+05:00 level=DEBUG msg=Get "finished fetching dialogs"=user_id: !BADKEY=006a358d-1b2f-458f-ae89-c91ac1d26c81
time=2024-11-10T17:15:28.545+05:00 level=DEBUG msg=Get "finished fetching dialogs"=user_id: !BADKEY=006a358d-1b2f-458f-ae89-c91ac1d26c81
time=2024-11-10T17:15:28.545+05:00 level=DEBUG msg=Get "finished fetching dialogs"=user_id: !BADKEY=006a358d-1b2f-458f-ae89-c91ac1d26c81
time=2024-11-10T17:15:30.738+05:00 level=DEBUG msg=Get "finished fetching dialogs"=user_id: !BADKEY=006a358d-1b2f-458f-ae89-c91ac1d26c81
time=2024-11-10T17:20:37.618+05:00 level=ERROR msg=HandleConnections !BADKEY="Ошибка: userID не найден в контексте"
time=2024-11-10T17:20:39.653+05:00 level=DEBUG msg=Get "finished fetching dialogs"=user_id: !BADKEY=006a358d-1b2f-458f-ae89-c91ac1d26c81
time=2024-11-10T17:20:39.669+05:00 level=DEBUG msg=Get "finished fetching dialogs"=user_id: !BADKEY=006a358d-1b2f-458f-ae89-c91ac1d26c81
time=2024-11-10T17:20:39.669+05:00 level=DEBUG msg=Get "finished fetching dialogs"=user_id: !BADKEY=006a358d-1b2f-458f-ae89-c91ac1d26c81
time=2024-11-10T17:20:39.674+05:00 level=DEBUG msg=Get "finished fetching dialogs"=user_id: !BADKEY=006a358d-1b2f-458f-ae89-c91ac1d26c81
time=2024-11-10T17:20:40.611+05:00 level=DEBUG msg=Get "finished fetching dialogs"=user_id: !BADKEY=006a358d-1b2f-458f-ae89-c91ac1d26c81
time=2024-11-10T17:20:40.998+05:00 level=DEBUG msg=Get "finished fetching dialogs"=user_id: !BADKEY=006a358d-1b2f-458f-ae89-c91ac1d26c81
time=2024-11-10T17:21:18.952+05:00 level=ERROR msg=HandleConnections !BADKEY="Ошибка: userID не найден в контексте"
time=2024-11-10T17:21:20.743+05:00 level=DEBUG msg=Get "finished fetching dialogs"=user_id: !BADKEY=006a358d-1b2f-458f-ae89-c91ac1d26c81
time=2024-11-10T17:21:20.757+05:00 level=DEBUG msg=Get "finished fetching dialogs"=user_id: !BADKEY=006a358d-1b2f-458f-ae89-c91ac1d26c81
time=2024-11-10T17:21:20.757+05:00 level=DEBUG msg=Get "finished fetching dialogs"=user_id: !BADKEY=006a358d-1b2f-458f-ae89-c91ac1d26c81
time=2024-11-10T17:21:20.762+05:00 level=DEBUG msg=Get "finished fetching dialogs"=user_id: !BADKEY=006a358d-1b2f-458f-ae89-c91ac1d26c81
time=2024-11-10T17:21:21.227+05:00 level=DEBUG msg=Get "finished fetching dialogs"=user_id: !BADKEY=006a358d-1b2f-458f-ae89-c91ac1d26c81
time=2024-11-10T17:21:21.634+05:00 level=DEBUG msg=Get "finished fetching dialogs"=user_id: !BADKEY=006a358d-1b2f-458f-ae89-c91ac1d26c81
time=2024-11-10T17:22:03.353+05:00 level=ERROR msg=HandleConnections !BADKEY="Ошибка: userID не найден в контексте"
time=2024-11-10T17:22:04.698+05:00 level=DEBUG msg=Get "finished fetching dialogs"=user_id: !BADKEY=006a358d-1b2f-458f-ae89-c91ac1d26c81
time=2024-11-10T17:22:04.714+05:00 level=DEBUG msg=Get "finished fetching dialogs"=user_id: !BADKEY=006a358d-1b2f-458f-ae89-c91ac1d26c81
time=2024-11-10T17:22:04.714+05:00 level=DEBUG msg=Get "finished fetching dialogs"=user_id: !BADKEY=006a358d-1b2f-458f-ae89-c91ac1d26c81
time=2024-11-10T17:22:04.722+05:00 level=DEBUG msg=Get "finished fetching dialogs"=user_id: !BADKEY=006a358d-1b2f-458f-ae89-c91ac1d26c81
time=2024-11-10T17:22:06.132+05:00 level=DEBUG msg=Get "finished fetching dialogs"=user_id: !BADKEY=006a358d-1b2f-458f-ae89-c91ac1d26c81
time=2024-11-10T17:23:34.440+05:00 level=ERROR msg=HandleConnections !BADKEY="Ошибка: userID не найден в контексте"
time=2024-11-10T17:23:35.614+05:00 level=DEBUG msg=Get "finished fetching dialogs"=user_id: !BADKEY=006a358d-1b2f-458f-ae89-c91ac1d26c81
time=2024-11-10T17:23:52.323+05:00 level=DEBUG msg=Get "finished fetching dialogs"=user_id: !BADKEY=006a358d-1b2f-458f-ae89-c91ac1d26c81
time=2024-11-10T17:23:52.357+05:00 level=DEBUG msg=Get "finished fetching dialogs"=user_id: !BADKEY=006a358d-1b2f-458f-ae89-c91ac1d26c81
time=2024-11-10T17:23:52.600+05:00 level=DEBUG msg=Get "finished fetching dialogs"=user_id: !BADKEY=006a358d-1b2f-458f-ae89-c91ac1d26c81
time=2024-11-10T17:23:57.815+05:00 level=ERROR msg=HandleConnections !BADKEY="Ошибка: userID не найден в контексте"
time=2024-11-10T17:23:59.844+05:00 level=DEBUG msg=Get "finished fetching dialogs"=user_id: !BADKEY=006a358d-1b2f-458f-ae89-c91ac1d26c81
time=2024-11-10T17:24:14.473+05:00 level=DEBUG msg=Get "finished fetching dialogs"=user_id: !BADKEY=006a358d-1b2f-458f-ae89-c91ac1d26c81
time=2024-11-10T17:24:14.502+05:00 level=DEBUG msg=Get "finished fetching dialogs"=user_id: !BADKEY=006a358d-1b2f-458f-ae89-c91ac1d26c81
time=2024-11-10T17:24:14.502+05:00 level=DEBUG msg=Get "finished fetching dialogs"=user_id: !BADKEY=006a358d-1b2f-458f-ae89-c91ac1d26c81
time=2024-11-10T17:24:14.502+05:00 level=DEBUG msg=Get "finished fetching dialogs"=user_id: !BADKEY=006a358d-1b2f-458f-ae89-c91ac1d26c81
time=2024-11-10T17:24:14.625+05:00 level=DEBUG msg=Get "finished fetching dialogs"=user_id: !BADKEY=006a358d-1b2f-458f-ae89-c91ac1d26c81
time=2024-11-10T17:24:14.684+05:00 level=DEBUG msg=Get "finished fetching dialogs"=user_id: !BADKEY=006a358d-1b2f-458f-ae89-c91ac1d26c81
time=2024-11-10T17:24:14.704+05:00 level=DEBUG msg=Get "finished fetching dialogs"=user_id: !BADKEY=006a358d-1b2f-458f-ae89-c91ac1d26c81
time=2024-11-10T17:24:14.704+05:00 level=DEBUG msg=Get "finished fetching dialogs"=user_id: !BADKEY=006a358d-1b2f-458f-ae89-c91ac1d26c81
time=2024-11-10T17:24:14.705+05:00 level=DEBUG msg=Get "finished fetching dialogs"=user_id: !BADKEY=006a358d-1b2f-458f-ae89-c91ac1d26c81
time=2024-11-10T17:24:14.751+05:00 level=DEBUG msg=Get "finished fetching dialogs"=user_id: !BADKEY=006a358d-1b2f-458f-ae89-c91ac1d26c81
time=2024-11-10T17:24:14.752+05:00 level=DEBUG msg=Get "finished fetching dialogs"=user_id: !BADKEY=006a358d-1b2f-458f-ae89-c91ac1d26c81
time=2024-11-10T17:24:14.752+05:00 level=DEBUG msg=Get "finished fetching dialogs"=user_id: !BADKEY=006a358d-1b2f-458f-ae89-c91ac1d26c81
time=2024-11-10T17:24:14.985+05:00 level=DEBUG msg=Get "finished fetching dialogs"=user_id: !BADKEY=006a358d-1b2f-458f-ae89-c91ac1d26c81
time=2024-11-10T17:24:15.000+05:00 level=DEBUG msg=Get "finished fetching dialogs"=user_id: !BADKEY=006a358d-1b2f-458f-ae89-c91ac1d26c81
time=2024-11-10T17:24:15.007+05:00 level=DEBUG msg=Get "finished fetching dialogs"=user_id: !BADKEY=006a358d-1b2f-458f-ae89-c91ac1d26c81
time=2024-11-10T17:24:15.007+05:00 level=DEBUG msg=Get "finished fetching dialogs"=user_id: !BADKEY=006a358d-1b2f-458f-ae89-c91ac1d26c81
time=2024-11-10T17:24:19.386+05:00 level=ERROR msg=HandleConnections !BADKEY="Ошибка: userID не найден в контексте"
time=2024-11-10T17:24:20.700+05:00 level=DEBUG msg=Get "finished fetching dialogs"=user_id: !BADKEY=006a358d-1b2f-458f-ae89-c91ac1d26c81
time=2024-11-10T17:24:20.716+05:00 level=DEBUG msg=Get "finished fetching dialogs"=user_id: !BADKEY=006a358d-1b2f-458f-ae89-c91ac1d26c81
time=2024-11-10T17:24:20.716+05:00 level=DEBUG msg=Get "finished fetching dialogs"=user_id: !BADKEY=006a358d-1b2f-458f-ae89-c91ac1d26c81
time=2024-11-10T17:24:20.722+05:00 level=DEBUG msg=Get "finished fetching dialogs"=user_id: !BADKEY=006a358d-1b2f-458f-ae89-c91ac1d26c81
time=2024-11-10T17:24:21.364+05:00 level=DEBUG msg=Get "finished fetching dialogs"=user_id: !BADKEY=006a358d-1b2f-458f-ae89-c91ac1d26c81
time=2024-11-10T17:24:21.683+05:00 level=DEBUG msg=Get "finished fetching dialogs"=user_id: !BADKEY=006a358d-1b2f-458f-ae89-c91ac1d26c81
time=2024-11-10T17:24:22.553+05:00 level=DEBUG msg=Get "finished fetching dialogs"=user_id: !BADKEY=006a358d-1b2f-458f-ae89-c91ac1d26c81
time=2024-11-10T17:24:22.887+05:00 level=DEBUG msg=Get "finished fetching dialogs"=user_id: !BADKEY=006a358d-1b2f-458f-ae89-c91ac1d26c81
time=2024-11-10T17:24:41.118+05:00 level=ERROR msg=HandleConnections !BADKEY="Ошибка: userID не найден в контексте"
time=2024-11-10T17:24:41.152+05:00 level=DEBUG msg=Get "finished fetching dialogs"=user_id: !BADKEY=006a358d-1b2f-458f-ae89-c91ac1d26c81
time=2024-11-10T17:24:41.216+05:00 level=DEBUG msg=Get "finished fetching dialogs"=user_id: !BADKEY=006a358d-1b2f-458f-ae89-c91ac1d26c81
time=2024-11-10T17:24:41.216+05:00 level=DEBUG msg=Get "finished fetching dialogs"=user_id: !BADKEY=006a358d-1b2f-458f-ae89-c91ac1d26c81
time=2024-11-10T17:24:41.228+05:00 level=DEBUG msg=Get "finished fetching dialogs"=user_id: !BADKEY=006a358d-1b2f-458f-ae89-c91ac1d26c81
time=2024-11-10T17:25:21.521+05:00 level=ERROR msg=HandleConnections !BADKEY="Ошибка: userID не найден в контексте"
time=2024-11-10T17:25:23.298+05:00 level=DEBUG msg=Get "finished fetching dialogs"=user_id: !BADKEY=006a358d-1b2f-458f-ae89-c91ac1d26c81
time=2024-11-10T17:25:23.309+05:00 level=DEBUG msg=Get "finished fetching dialogs"=user_id: !BADKEY=006a358d-1b2f-458f-ae89-c91ac1d26c81
time=2024-11-10T17:25:23.309+05:00 level=DEBUG msg=Get "finished fetching dialogs"=user_id: !BADKEY=006a358d-1b2f-458f-ae89-c91ac1d26c81
time=2024-11-10T17:25:23.309+05:00 level=DEBUG msg=Get "finished fetching dialogs"=user_id: !BADKEY=006a358d-1b2f-458f-ae89-c91ac1d26c81
time=2024-11-10T17:25:24.047+05:00 level=DEBUG msg=Get "finished fetching dialogs"=user_id: !BADKEY=006a358d-1b2f-458f-ae89-c91ac1d26c81
time=2024-11-10T17:26:26.051+05:00 level=ERROR msg=HandleConnections !BADKEY="Ошибка: userID не найден в контексте"
time=2024-11-10T17:26:27.650+05:00 level=DEBUG msg=Get "finished fetching dialogs"=user_id: !BADKEY=006a358d-1b2f-458f-ae89-c91ac1d26c81
time=2024-11-10T17:26:27.669+05:00 level=DEBUG msg=Get "finished fetching dialogs"=user_id: !BADKEY=006a358d-1b2f-458f-ae89-c91ac1d26c81
time=2024-11-10T17:26:27.669+05:00 level=DEBUG msg=Get "finished fetching dialogs"=user_id: !BADKEY=006a358d-1b2f-458f-ae89-c91ac1d26c81
time=2024-11-10T17:26:27.676+05:00 level=DEBUG msg=Get "finished fetching dialogs"=user_id: !BADKEY=006a358d-1b2f-458f-ae89-c91ac1d26c81
time=2024-11-10T17:26:28.425+05:00 level=DEBUG msg=Get "finished fetching dialogs"=user_id: !BADKEY=006a358d-1b2f-458f-ae89-c91ac1d26c81
time=2024-11-10T17:27:36.352+05:00 level=ERROR msg=HandleConnections !BADKEY="Ошибка: userID не найден в контексте"
time=2024-11-10T17:27:36.478+05:00 level=DEBUG msg=Get "finished fetching dialogs"=user_id: !BADKEY=006a358d-1b2f-458f-ae89-c91ac1d26c81
time=2024-11-10T17:27:36.497+05:00 level=DEBUG msg=Get "finished fetching dialogs"=user_id: !BADKEY=006a358d-1b2f-458f-ae89-c91ac1d26c81
time=2024-11-10T17:27:36.498+05:00 level=DEBUG msg=Get "finished fetching dialogs"=user_id: !BADKEY=006a358d-1b2f-458f-ae89-c91ac1d26c81
time=2024-11-10T17:27:36.502+05:00 level=DEBUG msg=Get "finished fetching dialogs"=user_id: !BADKEY=006a358d-1b2f-458f-ae89-c91ac1d26c81
time=2024-11-10T17:27:37.307+05:00 level=DEBUG msg=Get "finished fetching dialogs"=user_id: !BADKEY=006a358d-1b2f-458f-ae89-c91ac1d26c81
