time=2024-10-27T00:03:01.562+05:00 level=INFO msg="начало обработки Авторизации"
time=2024-10-27T00:03:01.562+05:00 level=DEBUG msg="Полученное тело запроса" body="{\"username\":\"Anuar\",\"password\":\"fyefh010305\"}"
time=2024-10-27T00:03:01.562+05:00 level=DEBUG msg="Перед вызовом LoginUser" username="" password=""
time=2024-10-27T00:03:01.562+05:00 level=DEBUG msg="starting login user"
time=2024-10-27T00:03:01.571+05:00 level=WARN msg="пользователь не найден" username=""
time=2024-10-27T00:03:01.572+05:00 level=ERROR msg="ошибка при аутентификации пользователя" username:="" error="пользователь не найден"
time=2024-10-27T00:08:11.348+05:00 level=INFO msg="начало обработки Авторизации"
time=2024-10-27T00:08:11.348+05:00 level=DEBUG msg="Полученное тело запроса" body="{\"username\":\"Anuar\",\"password\":\"fyefh010305\"}"
time=2024-10-27T00:13:01.778+05:00 level=INFO msg="начало обработки Авторизации"
time=2024-10-27T00:13:01.779+05:00 level=DEBUG msg="Полученное тело запроса" body="{\"username\":\"Anuar\",\"password\":\"fyefh010305\"}"
time=2024-10-27T00:15:57.254+05:00 level=INFO msg="начало обработки Авторизации"
time=2024-10-27T17:57:03.365+05:00 level=INFO msg="начало обработки Авторизации"
time=2024-10-27T17:58:49.373+05:00 level=DEBUG msg="начала обработки регистрации пользователя"
time=2024-10-27T17:58:49.463+05:00 level=DEBUG msg="starting registration user"
time=2024-10-27T17:58:49.492+05:00 level=DEBUG msg="registration user finished" username=Anuar
time=2024-10-27T17:58:49.492+05:00 level=DEBUG msg="User successfully registered" username=Anuar
time=2024-10-27T17:59:06.174+05:00 level=INFO msg="начало обработки Авторизации"
time=2024-10-27T17:59:06.174+05:00 level=DEBUG msg="Перед вызовом LoginUser" username=Anuar
time=2024-10-27T17:59:06.174+05:00 level=DEBUG msg="starting login user"
time=2024-10-27T17:59:06.280+05:00 level=INFO msg="пользователь успешно аутентифицирован" username=Anuar
time=2024-10-27T17:59:06.280+05:00 level=INFO msg="Пользователь успешно аутентифицирован" username=Anuar
time=2024-10-27T18:00:34.251+05:00 level=INFO msg="начало обработки Авторизации"
time=2024-10-27T18:01:47.483+05:00 level=INFO msg="начало обработки Авторизации"
time=2024-10-27T18:01:47.483+05:00 level=DEBUG msg="Перед вызовом LoginUser" username=Anuar
time=2024-10-27T18:01:47.483+05:00 level=DEBUG msg="starting login user"
time=2024-10-27T18:01:47.538+05:00 level=INFO msg="пользователь успешно аутентифицирован" username=Anuar
time=2024-10-27T18:01:47.538+05:00 level=INFO msg="Пользователь успешно аутентифицирован" username=Anuar
time=2024-10-27T18:02:00.334+05:00 level=INFO msg="обработка запроса в БД"
time=2024-10-27T18:02:00.334+05:00 level=DEBUG msg="Обработка запроса на добавление поста в БД"
time=2024-10-27T18:02:00.342+05:00 level=DEBUG msg="Добавление поста в БД прошло успешно"
