time=2024-10-26T19:26:14.374+05:00 level=DEBUG msg="начала обработки регистрации пользователя"
time=2024-10-26T19:30:01.054+05:00 level=DEBUG msg="начала обработки регистрации пользователя"
time=2024-10-26T19:34:27.351+05:00 level=DEBUG msg="начала обработки регистрации пользователя"
time=2024-10-26T19:34:27.352+05:00 level=ERROR msg="ошибка валидации данных пользователя" err="validation errors: [username is empty email is empty password is empty]"
time=2024-10-26T19:34:58.512+05:00 level=WARN msg="Токен не найден" error="http: named cookie not present"
time=2024-10-26T19:35:00.379+05:00 level=WARN msg="Токен не найден" error="http: named cookie not present"
time=2024-10-26T19:35:34.414+05:00 level=DEBUG msg="начала обработки регистрации пользователя"
time=2024-10-26T19:35:34.414+05:00 level=ERROR msg="ошибка валидации данных пользователя" err="validation errors: [username is empty email is empty password is empty]"
time=2024-10-26T19:36:17.252+05:00 level=DEBUG msg="начала обработки регистрации пользователя"
time=2024-10-26T19:36:17.252+05:00 level=ERROR msg="ошибка валидации данных пользователя" err="validation errors: [username is empty email is empty password is empty]"
time=2024-10-26T19:36:43.689+05:00 level=DEBUG msg="начала обработки регистрации пользователя"
time=2024-10-26T19:36:43.689+05:00 level=ERROR msg="ошибка валидации данных пользователя" err="validation errors: [username is empty email is empty password is empty]"
time=2024-10-26T19:45:32.976+05:00 level=DEBUG msg="начала обработки регистрации пользователя"
time=2024-10-26T19:45:32.977+05:00 level=ERROR msg="ошибка валидации данных пользователя" err="validation errors: [username is empty email is empty password is empty]"
time=2024-10-26T19:50:52.313+05:00 level=DEBUG msg="начала обработки регистрации пользователя"
time=2024-10-26T19:50:52.366+05:00 level=DEBUG msg="starting registration user"
time=2024-10-26T19:50:52.384+05:00 level=DEBUG msg="registration user finished" username=test
time=2024-10-26T19:50:52.385+05:00 level=DEBUG msg="User successfully registered" username=test
time=2024-10-26T19:51:38.865+05:00 level=DEBUG msg="начала обработки регистрации пользователя"
time=2024-10-26T19:51:38.865+05:00 level=ERROR msg="ошибка валидации данных пользователя" err="validation errors: [username is empty email is empty password is empty]"
time=2024-10-26T19:54:54.387+05:00 level=DEBUG msg="начала обработки регистрации пользователя"
time=2024-10-26T19:54:54.463+05:00 level=DEBUG msg="starting registration user"
time=2024-10-26T19:54:54.467+05:00 level=DEBUG msg="registration user finished" username=anuar
time=2024-10-26T19:54:54.467+05:00 level=DEBUG msg="User successfully registered" username=anuar
time=2024-10-26T19:57:28.120+05:00 level=DEBUG msg="начала обработки регистрации пользователя"
time=2024-10-26T19:57:28.120+05:00 level=ERROR msg="ошибка при декодировании JSON" err="parsing time \"2006-03-03\" as \"2006-01-02T15:04:05Z07:00\": cannot parse \"\" as \"T\""
time=2024-10-26T20:00:45.937+05:00 level=DEBUG msg="начала обработки регистрации пользователя"
time=2024-10-26T20:00:45.937+05:00 level=ERROR msg="ошибка при декодировании JSON" err="parsing time \"2006-03-03\" as \"2006-01-02T15:04:05Z07:00\": cannot parse \"\" as \"T\""
time=2024-10-26T20:02:41.940+05:00 level=DEBUG msg="начала обработки регистрации пользователя"
time=2024-10-26T20:02:41.991+05:00 level=DEBUG msg="starting registration user"
time=2024-10-26T20:02:41.995+05:00 level=DEBUG msg="registration user finished" username=fyefh
time=2024-10-26T20:02:41.995+05:00 level=DEBUG msg="User successfully registered" username=fyefh
time=2024-10-26T20:04:56.633+05:00 level=DEBUG msg="начала обработки регистрации пользователя"
time=2024-10-26T20:04:56.729+05:00 level=DEBUG msg="starting registration user"
time=2024-10-26T20:04:56.733+05:00 level=DEBUG msg="registration user finished" username=afasfaf
time=2024-10-26T20:04:56.733+05:00 level=DEBUG msg="User successfully registered" username=afasfaf
time=2024-10-26T20:05:50.399+05:00 level=WARN msg="Токен не найден" error="http: named cookie not present"
time=2024-10-26T20:05:51.867+05:00 level=WARN msg="Токен не найден" error="http: named cookie not present"
time=2024-10-26T23:13:01.128+05:00 level=INFO msg="начало обработки Авторизации"
time=2024-10-26T23:13:01.130+05:00 level=DEBUG msg="starting login user"
time=2024-10-26T23:13:01.134+05:00 level=WARN msg="пользователь не найден" username=""
time=2024-10-26T23:13:01.134+05:00 level=ERROR msg="ошибка при аутентификации пользователя" username:="" error="пользователь не найден"
time=2024-10-26T23:14:11.396+05:00 level=DEBUG msg="начала обработки регистрации пользователя"
time=2024-10-26T23:14:11.475+05:00 level=DEBUG msg="starting registration user"
time=2024-10-26T23:14:11.486+05:00 level=DEBUG msg="registration user finished" username=Anuar
time=2024-10-26T23:14:11.487+05:00 level=DEBUG msg="User successfully registered" username=Anuar
time=2024-10-26T23:14:21.564+05:00 level=INFO msg="начало обработки Авторизации"
time=2024-10-26T23:14:21.564+05:00 level=DEBUG msg="starting login user"
time=2024-10-26T23:14:21.564+05:00 level=WARN msg="пользователь не найден" username=""
time=2024-10-26T23:14:21.564+05:00 level=ERROR msg="ошибка при аутентификации пользователя" username:="" error="пользователь не найден"
time=2024-10-26T23:17:14.986+05:00 level=INFO msg="начало обработки Авторизации"
time=2024-10-26T23:17:14.986+05:00 level=DEBUG msg="starting login user"
time=2024-10-26T23:17:14.987+05:00 level=WARN msg="пользователь не найден" username=""
time=2024-10-26T23:17:14.987+05:00 level=ERROR msg="ошибка при аутентификации пользователя" username:="" error="пользователь не найден"
time=2024-10-26T23:19:57.226+05:00 level=INFO msg="начало обработки Авторизации"
time=2024-10-26T23:19:57.226+05:00 level=DEBUG msg="starting login user"
time=2024-10-26T23:19:57.227+05:00 level=WARN msg="пользователь не найден" username=""
time=2024-10-26T23:19:57.227+05:00 level=ERROR msg="ошибка при аутентификации пользователя" username:="" error="пользователь не найден"
time=2024-10-26T23:26:47.118+05:00 level=INFO msg="начало обработки Авторизации"
time=2024-10-26T23:26:47.119+05:00 level=DEBUG msg="Полученное тело запроса" body=""
time=2024-10-26T23:26:47.119+05:00 level=DEBUG msg="starting login user"
time=2024-10-26T23:26:47.121+05:00 level=WARN msg="пользователь не найден" username=""
time=2024-10-26T23:26:47.121+05:00 level=ERROR msg="ошибка при аутентификации пользователя" username:="" error="пользователь не найден"
time=2024-10-26T23:29:44.770+05:00 level=INFO msg="начало обработки Авторизации"
time=2024-10-26T23:29:44.770+05:00 level=DEBUG msg="Полученное тело запроса" body="{\"username\":\"Anuar\",\"password\":\"fyefh010305\"}"
time=2024-10-26T23:29:44.771+05:00 level=DEBUG msg="starting login user"
time=2024-10-26T23:29:44.772+05:00 level=WARN msg="пользователь не найден" username=""
time=2024-10-26T23:29:44.772+05:00 level=ERROR msg="ошибка при аутентификации пользователя" username:="" error="пользователь не найден"
time=2024-10-26T23:47:13.423+05:00 level=INFO msg="начало обработки Авторизации"
time=2024-10-26T23:47:13.423+05:00 level=DEBUG msg="Полученное тело запроса" body="{\"username\":\"Anuar\",\"password\":\"fyefh010305\"}"
time=2024-10-26T23:52:21.296+05:00 level=INFO msg="начало обработки Авторизации"
time=2024-10-26T23:52:21.296+05:00 level=DEBUG msg="Полученное тело запроса" body="{\"username\":\"Anuar\",\"password\":\"fyefh010305\"}"
time=2024-10-26T23:53:18.959+05:00 level=INFO msg="начало обработки Авторизации"
time=2024-10-26T23:53:18.959+05:00 level=DEBUG msg="Полученное тело запроса" body="{\"username\":\"Anuar\",\"password\":\"fyefh010305\"}"
